ZenboDialogSample3/build/intermediates/manifest_merge_blame_file/release/manifest-merger-blame-release-report.txt
1<?xml version="1.0" encoding="utf-8"?>
2<manifest xmlns:android="http://schemas.android.com/apk/res/android"
3    package="com.asus.zenbodialogsample"
4    android:versionCode="1"
5    android:versionName="1.0" >
6
7    <uses-sdk
8        android:minSdkVersion="23"
8-->src\main\AndroidManifest.xml
9        android:targetSdkVersion="26" />
9-->src\main\AndroidManifest.xml
10
11    <application
11-->src\main\AndroidManifest.xml:5:5-27:19
12        android:allowBackup="true"
12-->src\main\AndroidManifest.xml:6:9-35
13        android:icon="@mipmap/ic_launcher"
13-->src\main\AndroidManifest.xml:7:9-43
14        android:label="@string/app_name"
14-->src\main\AndroidManifest.xml:8:9-41
15        android:supportsRtl="true"
15-->src\main\AndroidManifest.xml:9:9-35
16        android:theme="@style/RobotDevTheme" >
16-->src\main\AndroidManifest.xml:10:9-45
17        <meta-data
17-->src\main\AndroidManifest.xml:12:9-13:63
18            android:name="zenbo_ds_domainuuid"
18-->src\main\AndroidManifest.xml:12:20-54
19            android:value="E7AABB554ACB414C9AB9BF45E7FA8AD9" />
19-->src\main\AndroidManifest.xml:13:13-61
20        <meta-data
20-->src\main\AndroidManifest.xml:15:9-16:36
21            android:name="zenbo_ds_version_E7AABB554ACB414C9AB9BF45E7FA8AD9"
21-->src\main\AndroidManifest.xml:15:20-84
22            android:value="0.0.1" />
22-->src\main\AndroidManifest.xml:16:13-34
23
24        <activity android:name="com.asus.zenbodialogsample.ZenboDialogSample" >
24-->src\main\AndroidManifest.xml:18:9-26:20
24-->src\main\AndroidManifest.xml:18:19-52
25            <intent-filter>
25-->src\main\AndroidManifest.xml:19:13-25:29
26                <action android:name="android.intent.action.MAIN" />
26-->src\main\AndroidManifest.xml:20:17-69
26-->src\main\AndroidManifest.xml:20:25-66
27
28                <category android:name="android.intent.category.LAUNCHER" />
28-->src\main\AndroidManifest.xml:21:17-77
28-->src\main\AndroidManifest.xml:21:27-74
29                <category android:name="com.asus.intent.category.ZENBO" />
29-->src\main\AndroidManifest.xml:23:17-75
29-->src\main\AndroidManifest.xml:23:27-72
30                <category android:name="com.asus.intent.category.ZENBO_LAUNCHER" />
30-->src\main\AndroidManifest.xml:24:17-84
30-->src\main\AndroidManifest.xml:24:27-81
31            </intent-filter>
32        </activity>
33
34        <meta-data
34-->[com.android.support:appcompat-v7:26.1.0] AndroidManifest.xml:26:9-28:38
35            android:name="android.support.VERSION"
35-->[com.android.support:appcompat-v7:26.1.0] AndroidManifest.xml:27:13-51
36            android:value="26.1.0" />
36-->[com.android.support:appcompat-v7:26.1.0] AndroidManifest.xml:28:13-35
37        <meta-data
37-->[android.arch.lifecycle:runtime:1.0.0] AndroidManifest.xml:25:9-27:47
38            android:name="android.arch.lifecycle.VERSION"
38-->[android.arch.lifecycle:runtime:1.0.0] AndroidManifest.xml:26:13-58
39            android:value="27.0.0-SNAPSHOT" />
39-->[android.arch.lifecycle:runtime:1.0.0] AndroidManifest.xml:27:13-44
40    </application>
41
42</manifest>